Base path: C:/Program Files (x86)/Unity/Editor/Data
Pipe name: \\.\pipe\UnityShaderCompiler-1-3784
Cmd: getPlatforms
Cmd: preprocess
  insize=4159 outsize=1016 ok=1
Cmd: compileSnippet
  error: 2 plat 1 at (0): syntax error, unexpected $end at token "<EOF>" type name expected at token "<null atom>"
  error: 2 plat 1 at (67): syntax error, unexpected '(' at token "(" type name expected at token "("
  error: 1 plat 1 at (67): unrecognized profile specifier "UNITY_FOG_COORDS"
  error: 2 plat 1 at (73): expression left of ."pos" is not a struct or array
  error: 2 plat 1 at (80): expression left of ."bumpuv0" is not a struct or array
  error: 2 plat 1 at (81): expression left of ."bumpuv1" is not a struct or array
  error: 2 plat 1 at (84): expression left of ."viewDir" is not a struct or array
  error: 2 plat 1 at (87): expression left of ."ref" is not a struct or array; expression left of ."pos" is not a struct or array
  error: 2 plat 1 at (90): expression left of ."pos" is not a struct or array
  error: 2 plat 1 at (112): expression left of ."viewDir" is not a struct or array; expression left of ."viewDir" is not a struct or array
  error: 2 plat 1 at (115): expression left of ."bumpuv0" is not a struct or array
  error: 2 plat 1 at (116): expression left of ."bumpuv1" is not a struct or array
  error: 2 plat 1 at (120): expression left of ."viewDir" is not a struct or array
  error: 2 plat 1 at (125): expression left of ."ref" is not a struct or array
  error: 1 plat 1 at (125): implicit cast from "float3" to "float2"
  error: 2 plat 1 at (129): expression left of ."ref" is not a struct or array
  error: 1 plat 1 at (129): implicit cast from "float3" to "float2"
  error: 2 plat 1 at (153): expression left of ."fogCoord" is not a struct or array
  api=1 type=0 insize=3447 outsize=0 kw=WATER_REFRACTIVE ok=0
Cmd: preprocess
  insize=12815 outsize=2577 ok=1
Cmd: compileSnippet
  error: 2 plat 1 at (0): syntax error, unexpected $end at token "<EOF>" type name expected at token "<null atom>"
  error: 2 plat 1 at (61): syntax error, unexpected '(' at token "(" type name expected at token "("
  error: 1 plat 1 at (61): unrecognized profile specifier "UNITY_FOG_COORDS"
  error: 2 plat 1 at (71): syntax error, unexpected '(' at token "(" type name expected at token "("
  error: 1 plat 1 at (71): unrecognized profile specifier "UNITY_FOG_COORDS"
  error: 2 plat 1 at (79): syntax error, unexpected '(' at token "(" type name expected at token "("
  error: 1 plat 1 at (79): unrecognized profile specifier "UNITY_FOG_COORDS"
  error: 2 plat 1 at (154): expression left of ."bumpCoords" is not a struct or array
  error: 2 plat 1 at (156): expression left of ."viewInterpolator" is not a struct or array
  error: 2 plat 1 at (158): expression left of ."pos" is not a struct or array
  error: 2 plat 1 at (160): expression left of ."pos" is not a struct or array; expression left of ."screenPos" is not a struct or array; expression left of ."grabPassPos" is not a struct or array
  error: 2 plat 1 at (162): expression left of ."normalInterpolator" is not a struct or array
  error: 2 plat 1 at (164): expression left of ."viewInterpolator" is not a struct or array
  error: 2 plat 1 at (165): expression left of ."normalInterpolator" is not a struct or array
  error: 2 plat 1 at (167): expression left of ."pos" is not a struct or array
  error: 2 plat 1 at (173): expression left of ."bumpCoords" is not a struct or array; expression left of ."normalInterpolator" is not a struct or array
  error: 2 plat 1 at (174): expression left of ."viewInterpolator" is not a struct or array
  error: 2 plat 1 at (177): expression left of ."screenPos" is not a struct or array
  error: 2 plat 1 at (178): expression left of ."grabPassPos" is not a struct or array
  error: 2 plat 1 at (180): expression left of ."grabPassPos" is not a struct or array
  error: 2 plat 1 at (189): expression left of ."screenPos" is not a struct or array
  error: 2 plat 1 at (201): expression left of ."screenPos" is not a struct or array
  error: 2 plat 1 at (203): expression left of ."screenPos" is not a struct or array
  error: 2 plat 1 at (212): expression left of ."viewInterpolator" is not a struct or array
  error: 2 plat 1 at (223): expression left of ."bumpCoords" is not a struct or array
  error: 2 plat 1 at (224): expression left of ."viewInterpolator" is not a struct or array
  error: 2 plat 1 at (227): expression left of ."fogCoord" is not a struct or array
  error: 2 plat 1 at (258): expression left of ."bumpCoords" is not a struct or array
  error: 2 plat 1 at (260): expression left of ."viewInterpolator" is not a struct or array
  error: 2 plat 1 at (262): expression left of ."pos" is not a struct or array
  error: 2 plat 1 at (264): expression left of ."screenPos" is not a struct or array; expression left of ."pos" is not a struct or array
  error: 2 plat 1 at (266): expression left of ."normalInterpolator" is not a struct or array
  error: 2 plat 1 at (267): expression left of ."normalInterpolator" is not a struct or array
  error: 2 plat 1 at (269): expression left of ."pos" is not a struct or array
  error: 2 plat 1 at (275): expression left of ."bumpCoords" is not a struct or array; expression left of ."normalInterpolator" is not a struct or array
  error: 2 plat 1 at (277): expression left of ."viewInterpolator" is not a struct or array
  error: 2 plat 1 at (280): expression left of ."screenPos" is not a struct or array
  error: 2 plat 1 at (294): expression left of ."screenPos" is not a struct or array
  error: 2 plat 1 at (296): expression left of ."screenPos" is not a struct or array
  error: 2 plat 1 at (313): expression left of ."fogCoord" is not a struct or array
  error: 2 plat 1 at (328): expression left of ."bumpCoords" is not a struct or array
  error: 2 plat 1 at (330): expression left of ."viewInterpolator" is not a struct or array
  error: 2 plat 1 at (332): expression left of ."pos" is not a struct or array
  error: 2 plat 1 at (334): expression left of ."viewInterpolator" is not a struct or array
  error: 2 plat 1 at (336): expression left of ."pos" is not a struct or array
  error: 2 plat 1 at (343): expression left of ."bumpCoords" is not a struct or array
  error: 2 plat 1 at (344): expression left of ."viewInterpolator" is not a struct or array
  error: 2 plat 1 at (359): expression left of ."fogCoord" is not a struct or array
  api=1 type=0 insize=10254 outsize=0 kw=WATER_REFLECTIVE WATER_VERTEX_DISPLACEMENT_ON WATER_EDGEBLEND_ON ok=0
Cmd: preprocess
  insize=11975 outsize=2458 ok=1
Cmd: compileSnippet
  error: 2 plat 1 at (0): syntax error, unexpected $end at token "<EOF>" type name expected at token "<null atom>"
  error: 2 plat 1 at (58): syntax error, unexpected '(' at token "(" type name expected at token "("
  error: 1 plat 1 at (58): unrecognized profile specifier "UNITY_FOG_COORDS"
  error: 2 plat 1 at (68): syntax error, unexpected '(' at token "(" type name expected at token "("
  error: 1 plat 1 at (68): unrecognized profile specifier "UNITY_FOG_COORDS"
  error: 2 plat 1 at (76): syntax error, unexpected '(' at token "(" type name expected at token "("
  error: 1 plat 1 at (76): unrecognized profile specifier "UNITY_FOG_COORDS"
  error: 2 plat 1 at (148): expression left of ."bumpCoords" is not a struct or array
  error: 2 plat 1 at (150): expression left of ."viewInterpolator" is not a struct or array
  error: 2 plat 1 at (152): expression left of ."pos" is not a struct or array
  error: 2 plat 1 at (154): expression left of ."pos" is not a struct or array; expression left of ."screenPos" is not a struct or array; expression left of ."grabPassPos" is not a struct or array
  error: 2 plat 1 at (156): expression left of ."normalInterpolator" is not a struct or array
  error: 2 plat 1 at (158): expression left of ."normalInterpolator" is not a struct or array
  error: 2 plat 1 at (160): expression left of ."pos" is not a struct or array
  error: 2 plat 1 at (166): expression left of ."bumpCoords" is not a struct or array; expression left of ."normalInterpolator" is not a struct or array
  error: 2 plat 1 at (167): expression left of ."viewInterpolator" is not a struct or array
  error: 2 plat 1 at (170): expression left of ."screenPos" is not a struct or array
  error: 2 plat 1 at (171): expression left of ."grabPassPos" is not a struct or array
  error: 2 plat 1 at (173): expression left of ."grabPassPos" is not a struct or array
  error: 2 plat 1 at (182): expression left of ."screenPos" is not a struct or array
  error: 2 plat 1 at (194): expression left of ."screenPos" is not a struct or array
  error: 2 plat 1 at (196): expression left of ."screenPos" is not a struct or array
  error: 2 plat 1 at (215): expression left of ."fogCoord" is not a struct or array
  error: 2 plat 1 at (246): expression left of ."bumpCoords" is not a struct or array
  error: 2 plat 1 at (248): expression left of ."viewInterpolator" is not a struct or array
  error: 2 plat 1 at (250): expression left of ."pos" is not a struct or array
  error: 2 plat 1 at (252): expression left of ."screenPos" is not a struct or array; expression left of ."pos" is not a struct or array
  error: 2 plat 1 at (254): expression left of ."normalInterpolator" is not a struct or array
  error: 2 plat 1 at (256): expression left of ."normalInterpolator" is not a struct or array
  error: 2 plat 1 at (258): expression left of ."pos" is not a struct or array
  error: 2 plat 1 at (264): expression left of ."bumpCoords" is not a struct or array; expression left of ."normalInterpolator" is not a struct or array
  error: 2 plat 1 at (265): expression left of ."viewInterpolator" is not a struct or array
  error: 2 plat 1 at (268): expression left of ."screenPos" is not a struct or array
  error: 2 plat 1 at (282): expression left of ."screenPos" is not a struct or array
  error: 2 plat 1 at (284): expression left of ."screenPos" is not a struct or array
  error: 2 plat 1 at (300): expression left of ."fogCoord" is not a struct or array
  error: 2 plat 1 at (315): expression left of ."bumpCoords" is not a struct or array
  error: 2 plat 1 at (317): expression left of ."viewInterpolator" is not a struct or array
  error: 2 plat 1 at (319): expression left of ."pos" is not a struct or array
  error: 2 plat 1 at (321): expression left of ."pos" is not a struct or array
  error: 2 plat 1 at (328): expression left of ."bumpCoords" is not a struct or array
  error: 2 plat 1 at (329): expression left of ."viewInterpolator" is not a struct or array
  error: 2 plat 1 at (344): expression left of ."fogCoord" is not a struct or array
  api=1 type=0 insize=9537 outsize=0 kw=WATER_REFLECTIVE WATER_VERTEX_DISPLACEMENT_ON WATER_EDGEBLEND_ON ok=0
Cmd: preprocess
  insize=1802 outsize=526 ok=1
Cmd: compileSnippet
  error: 2 plat 1 at (0): syntax error, unexpected $end at token "<EOF>" type name expected at token "<null atom>"
  error: 2 plat 1 at (30): syntax error, unexpected '(' at token "(" type name expected at token "("
  error: 1 plat 1 at (30): unrecognized profile specifier "UNITY_FOG_COORDS"
  error: 2 plat 1 at (38): expression left of ."pos" is not a struct or array
  error: 2 plat 1 at (44): expression left of ."bumpuv" is not a struct or array
  error: 2 plat 1 at (45): expression left of ."bumpuv" is not a struct or array
  error: 2 plat 1 at (48): expression left of ."viewDir" is not a struct or array
  error: 2 plat 1 at (50): expression left of ."pos" is not a struct or array
  error: 2 plat 1 at (70): expression left of ."bumpuv" is not a struct or array
  error: 2 plat 1 at (71): expression left of ."bumpuv" is not a struct or array
  error: 2 plat 1 at (74): expression left of ."viewDir" is not a struct or array
  error: 2 plat 1 at (81): expression left of ."fogCoord" is not a struct or array
  api=1 type=0 insize=1581 outsize=0 kw= ok=0
